# JRE version: OpenJDK Runtime Environment (8.0_292-b10) (build 1.8.0_292-8u292-b10-0ubuntu1~20.04-b10)
# Java VM: OpenJDK 64-Bit Server VM (25.292-b10 mixed mode linux-amd64 compressed oops)
Heap:
 PSYoungGen      total 52736K, used 8162K [0x00000000d9580000, 0x00000000de780000, 0x0000000100000000)
  eden space 48128K, 16% used [0x00000000d9580000,0x00000000d9d789a0,0x00000000dc480000)
  from space 4608K, 0% used [0x00000000dc480000,0x00000000dc480000,0x00000000dc900000)
  to   space 8192K, 0% used [0x00000000ddf80000,0x00000000ddf80000,0x00000000de780000)
 ParOldGen       total 177664K, used 86611K [0x000000008c000000, 0x0000000096d80000, 0x00000000d9580000)
  object space 177664K, 48% used [0x000000008c000000,0x0000000091494e48,0x0000000096d80000)
 Metaspace       used 21146K, capacity 21598K, committed 22016K, reserved 1069056K
  class space    used 2570K, capacity 2703K, committed 2816K, reserved 1048576K
GC Heap History (10 events):
Event: 2.242 GC heap before
{Heap before GC invocations=3 (full 1):
 PSYoungGen      total 34816K, used 30807K [0x00000000d9580000, 0x00000000dbc00000, 0x0000000100000000)
  eden space 30208K, 100% used [0x00000000d9580000,0x00000000db300000,0x00000000db300000)
  from space 4608K, 13% used [0x00000000db300000,0x00000000db395ea8,0x00000000db780000)
  to   space 4608K, 0% used [0x00000000db780000,0x00000000db780000,0x00000000dbc00000)
 ParOldGen       total 142848K, used 78966K [0x000000008c000000, 0x0000000094b80000, 0x00000000d9580000)
  object space 142848K, 55% used [0x000000008c000000,0x0000000090d1dad8,0x0000000094b80000)
 Metaspace       used 9552K, capacity 9842K, committed 9984K, reserved 1058816K
  class space    used 1110K, capacity 1204K, committed 1280K, reserved 1048576K
Event: 2.245 GC heap after
Heap after GC invocations=3 (full 1):
 PSYoungGen      total 34816K, used 640K [0x00000000d9580000, 0x00000000dcb80000, 0x0000000100000000)
  eden space 30208K, 0% used [0x00000000d9580000,0x00000000d9580000,0x00000000db300000)
  from space 4608K, 13% used [0x00000000db780000,0x00000000db820000,0x00000000dbc00000)
  to   space 4608K, 0% used [0x00000000db300000,0x00000000db300000,0x00000000db780000)
 ParOldGen       total 142848K, used 78974K [0x000000008c000000, 0x0000000094b80000, 0x00000000d9580000)
  object space 142848K, 55% used [0x000000008c000000,0x0000000090d1fad8,0x0000000094b80000)
 Metaspace       used 9552K, capacity 9842K, committed 9984K, reserved 1058816K
  class space    used 1110K, capacity 1204K, committed 1280K, reserved 1048576K
}
Event: 2.325 GC heap before
{Heap before GC invocations=4 (full 1):
 PSYoungGen      total 34816K, used 30848K [0x00000000d9580000, 0x00000000dcb80000, 0x0000000100000000)
  eden space 30208K, 100% used [0x00000000d9580000,0x00000000db300000,0x00000000db300000)
  from space 4608K, 13% used [0x00000000db780000,0x00000000db820000,0x00000000dbc00000)
  to   space 4608K, 0% used [0x00000000db300000,0x00000000db300000,0x00000000db780000)
 ParOldGen       total 142848K, used 78974K [0x000000008c000000, 0x0000000094b80000, 0x00000000d9580000)
  object space 142848K, 55% used [0x000000008c000000,0x0000000090d1fad8,0x0000000094b80000)
 Metaspace       used 9556K, capacity 9842K, committed 9984K, reserved 1058816K
  class space    used 1110K, capacity 1204K, committed 1280K, reserved 1048576K
Event: 2.327 GC heap after
Heap after GC invocations=4 (full 1):
 PSYoungGen      total 34816K, used 640K [0x00000000d9580000, 0x00000000dcd80000, 0x0000000100000000)
  eden space 30208K, 0% used [0x00000000d9580000,0x00000000d9580000,0x00000000db300000)
  from space 4608K, 13% used [0x00000000db300000,0x00000000db3a0000,0x00000000db780000)
  to   space 4608K, 0% used [0x00000000dc900000,0x00000000dc900000,0x00000000dcd80000)
 ParOldGen       total 142848K, used 78974K [0x000000008c000000, 0x0000000094b80000, 0x00000000d9580000)
  object space 142848K, 55% used [0x000000008c000000,0x0000000090d1fad8,0x0000000094b80000)
 Metaspace       used 9556K, capacity 9842K, committed 9984K, reserved 1058816K
  class space    used 1110K, capacity 1204K, committed 1280K, reserved 1048576K
}
Event: 7.905 GC heap before
{Heap before GC invocations=5 (full 1):
 PSYoungGen      total 34816K, used 30848K [0x00000000d9580000, 0x00000000dcd80000, 0x0000000100000000)
  eden space 30208K, 100% used [0x00000000d9580000,0x00000000db300000,0x00000000db300000)
  from space 4608K, 13% used [0x00000000db300000,0x00000000db3a0000,0x00000000db780000)
  to   space 4608K, 0% used [0x00000000dc900000,0x00000000dc900000,0x00000000dcd80000)
 ParOldGen       total 142848K, used 78974K [0x000000008c000000, 0x0000000094b80000, 0x00000000d9580000)
  object space 142848K, 55% used [0x000000008c000000,0x0000000090d1fad8,0x0000000094b80000)
 Metaspace       used 17534K, capacity 17924K, committed 18304K, reserved 1064960K
  class space    used 2181K, capacity 2318K, committed 2432K, reserved 1048576K
Event: 7.918 GC heap after
Heap after GC invocations=5 (full 1):
 PSYoungGen      total 50688K, used 4581K [0x00000000d9580000, 0x00000000dcd80000, 0x0000000100000000)
  eden space 46080K, 0% used [0x00000000d9580000,0x00000000d9580000,0x00000000dc280000)
  from space 4608K, 99% used [0x00000000dc900000,0x00000000dcd794c0,0x00000000dcd80000)
  to   space 4608K, 0% used [0x00000000dc480000,0x00000000dc480000,0x00000000dc900000)
 ParOldGen       total 142848K, used 79120K [0x000000008c000000, 0x0000000094b80000, 0x00000000d9580000)
  object space 142848K, 55% used [0x000000008c000000,0x0000000090d440a8,0x0000000094b80000)
 Metaspace       used 17534K, capacity 17924K, committed 18304K, reserved 1064960K
  class space    used 2181K, capacity 2318K, committed 2432K, reserved 1048576K
}
Event: 14.783 GC heap before
{Heap before GC invocations=6 (full 1):
 PSYoungGen      total 50688K, used 17842K [0x00000000d9580000, 0x00000000dcd80000, 0x0000000100000000)
  eden space 46080K, 28% used [0x00000000d9580000,0x00000000da273708,0x00000000dc280000)
  from space 4608K, 99% used [0x00000000dc900000,0x00000000dcd794c0,0x00000000dcd80000)
  to   space 4608K, 0% used [0x00000000dc480000,0x00000000dc480000,0x00000000dc900000)
 ParOldGen       total 142848K, used 79120K [0x000000008c000000, 0x0000000094b80000, 0x00000000d9580000)
  object space 142848K, 55% used [0x000000008c000000,0x0000000090d440a8,0x0000000094b80000)
 Metaspace       used 20666K, capacity 21070K, committed 21248K, reserved 1067008K
  class space    used 2553K, capacity 2697K, committed 2816K, reserved 1048576K
Event: 14.800 GC heap after
Heap after GC invocations=6 (full 1):
 PSYoungGen      total 52736K, used 4580K [0x00000000d9580000, 0x00000000de780000, 0x0000000100000000)
  eden space 48128K, 0% used [0x00000000d9580000,0x00000000d9580000,0x00000000dc480000)
  from space 4608K, 99% used [0x00000000dc480000,0x00000000dc8f9370,0x00000000dc900000)
  to   space 8192K, 0% used [0x00000000ddf80000,0x00000000ddf80000,0x00000000de780000)
 ParOldGen       total 142848K, used 82364K [0x000000008c000000, 0x0000000094b80000, 0x00000000d9580000)
  object space 142848K, 57% used [0x000000008c000000,0x000000009106f050,0x0000000094b80000)
 Metaspace       used 20666K, capacity 21070K, committed 21248K, reserved 1067008K
  class space    used 2553K, capacity 2697K, committed 2816K, reserved 1048576K
}
Event: 14.800 GC heap before
{Heap before GC invocations=7 (full 2):
 PSYoungGen      total 52736K, used 4580K [0x00000000d9580000, 0x00000000de780000, 0x0000000100000000)
  eden space 48128K, 0% used [0x00000000d9580000,0x00000000d9580000,0x00000000dc480000)
  from space 4608K, 99% used [0x00000000dc480000,0x00000000dc8f9370,0x00000000dc900000)
  to   space 8192K, 0% used [0x00000000ddf80000,0x00000000ddf80000,0x00000000de780000)
 ParOldGen       total 142848K, used 82364K [0x000000008c000000, 0x0000000094b80000, 0x00000000d9580000)
  object space 142848K, 57% used [0x000000008c000000,0x000000009106f050,0x0000000094b80000)
 Metaspace       used 20666K, capacity 21070K, committed 21248K, reserved 1067008K
  class space    used 2553K, capacity 2697K, committed 2816K, reserved 1048576K
Event: 14.876 GC heap after
Heap after GC invocations=7 (full 2):
 PSYoungGen      total 52736K, used 0K [0x00000000d9580000, 0x00000000de780000, 0x0000000100000000)
  eden space 48128K, 0% used [0x00000000d9580000,0x00000000d9580000,0x00000000dc480000)
  from space 4608K, 0% used [0x00000000dc480000,0x00000000dc480000,0x00000000dc900000)
  to   space 8192K, 0% used [0x00000000ddf80000,0x00000000ddf80000,0x00000000de780000)
 ParOldGen       total 177664K, used 86611K [0x000000008c000000, 0x0000000096d80000, 0x00000000d9580000)
  object space 177664K, 48% used [0x000000008c000000,0x0000000091494e48,0x0000000096d80000)
 Metaspace       used 20666K, capacity 21070K, committed 21248K, reserved 1067008K
  class space    used 2553K, capacity 2697K, committed 2816K, reserved 1048576K
}

