# JRE version: OpenJDK Runtime Environment (8.0_292-b10) (build 1.8.0_292-8u292-b10-0ubuntu1~20.04-b10)
# Java VM: OpenJDK 64-Bit Server VM (25.292-b10 mixed mode linux-amd64 compressed oops)
Heap:
 PSYoungGen      total 53248K, used 6295K [0x00000000d9580000, 0x00000000dea80000, 0x0000000100000000)
  eden space 48640K, 12% used [0x00000000d9580000,0x00000000d9ba5f90,0x00000000dc500000)
  from space 4608K, 0% used [0x00000000dc500000,0x00000000dc500000,0x00000000dc980000)
  to   space 8192K, 0% used [0x00000000de280000,0x00000000de280000,0x00000000dea80000)
 ParOldGen       total 176640K, used 86348K [0x000000008c000000, 0x0000000096c80000, 0x00000000d9580000)
  object space 176640K, 48% used [0x000000008c000000,0x0000000091453288,0x0000000096c80000)
 Metaspace       used 21018K, capacity 21502K, committed 21760K, reserved 1069056K
  class space    used 2571K, capacity 2735K, committed 2816K, reserved 1048576K
GC Heap History (10 events):
Event: 2.148 GC heap before
{Heap before GC invocations=3 (full 1):
 PSYoungGen      total 34816K, used 30795K [0x00000000d9580000, 0x00000000dbc00000, 0x0000000100000000)
  eden space 30208K, 100% used [0x00000000d9580000,0x00000000db300000,0x00000000db300000)
  from space 4608K, 12% used [0x00000000db300000,0x00000000db392d38,0x00000000db780000)
  to   space 4608K, 0% used [0x00000000db780000,0x00000000db780000,0x00000000dbc00000)
 ParOldGen       total 142848K, used 78979K [0x000000008c000000, 0x0000000094b80000, 0x00000000d9580000)
  object space 142848K, 55% used [0x000000008c000000,0x0000000090d20d50,0x0000000094b80000)
 Metaspace       used 9559K, capacity 9842K, committed 9984K, reserved 1058816K
  class space    used 1110K, capacity 1204K, committed 1280K, reserved 1048576K
Event: 2.150 GC heap after
Heap after GC invocations=3 (full 1):
 PSYoungGen      total 34816K, used 640K [0x00000000d9580000, 0x00000000dcc00000, 0x0000000100000000)
  eden space 30208K, 0% used [0x00000000d9580000,0x00000000d9580000,0x00000000db300000)
  from space 4608K, 13% used [0x00000000db780000,0x00000000db820000,0x00000000dbc00000)
  to   space 4608K, 0% used [0x00000000db300000,0x00000000db300000,0x00000000db780000)
 ParOldGen       total 142848K, used 78979K [0x000000008c000000, 0x0000000094b80000, 0x00000000d9580000)
  object space 142848K, 55% used [0x000000008c000000,0x0000000090d20d50,0x0000000094b80000)
 Metaspace       used 9559K, capacity 9842K, committed 9984K, reserved 1058816K
  class space    used 1110K, capacity 1204K, committed 1280K, reserved 1048576K
}
Event: 2.241 GC heap before
{Heap before GC invocations=4 (full 1):
 PSYoungGen      total 34816K, used 30848K [0x00000000d9580000, 0x00000000dcc00000, 0x0000000100000000)
  eden space 30208K, 100% used [0x00000000d9580000,0x00000000db300000,0x00000000db300000)
  from space 4608K, 13% used [0x00000000db780000,0x00000000db820000,0x00000000dbc00000)
  to   space 4608K, 0% used [0x00000000db300000,0x00000000db300000,0x00000000db780000)
 ParOldGen       total 142848K, used 78979K [0x000000008c000000, 0x0000000094b80000, 0x00000000d9580000)
  object space 142848K, 55% used [0x000000008c000000,0x0000000090d20d50,0x0000000094b80000)
 Metaspace       used 9565K, capacity 9842K, committed 9984K, reserved 1058816K
  class space    used 1110K, capacity 1204K, committed 1280K, reserved 1048576K
Event: 2.243 GC heap after
Heap after GC invocations=4 (full 1):
 PSYoungGen      total 34816K, used 640K [0x00000000d9580000, 0x00000000dce00000, 0x0000000100000000)
  eden space 30208K, 0% used [0x00000000d9580000,0x00000000d9580000,0x00000000db300000)
  from space 4608K, 13% used [0x00000000db300000,0x00000000db3a0000,0x00000000db780000)
  to   space 4608K, 0% used [0x00000000dc980000,0x00000000dc980000,0x00000000dce00000)
 ParOldGen       total 142848K, used 78979K [0x000000008c000000, 0x0000000094b80000, 0x00000000d9580000)
  object space 142848K, 55% used [0x000000008c000000,0x0000000090d20d50,0x0000000094b80000)
 Metaspace       used 9565K, capacity 9842K, committed 9984K, reserved 1058816K
  class space    used 1110K, capacity 1204K, committed 1280K, reserved 1048576K
}
Event: 6.607 GC heap before
{Heap before GC invocations=5 (full 1):
 PSYoungGen      total 34816K, used 30785K [0x00000000d9580000, 0x00000000dce00000, 0x0000000100000000)
  eden space 30208K, 99% used [0x00000000d9580000,0x00000000db2f0570,0x00000000db300000)
  from space 4608K, 13% used [0x00000000db300000,0x00000000db3a0000,0x00000000db780000)
  to   space 4608K, 0% used [0x00000000dc980000,0x00000000dc980000,0x00000000dce00000)
 ParOldGen       total 142848K, used 78979K [0x000000008c000000, 0x0000000094b80000, 0x00000000d9580000)
  object space 142848K, 55% used [0x000000008c000000,0x0000000090d20d50,0x0000000094b80000)
 Metaspace       used 17573K, capacity 17992K, committed 18304K, reserved 1064960K
  class space    used 2182K, capacity 2318K, committed 2432K, reserved 1048576K
Event: 6.621 GC heap after
Heap after GC invocations=5 (full 1):
 PSYoungGen      total 51712K, used 4579K [0x00000000d9580000, 0x00000000dce00000, 0x0000000100000000)
  eden space 47104K, 0% used [0x00000000d9580000,0x00000000d9580000,0x00000000dc380000)
  from space 4608K, 99% used [0x00000000dc980000,0x00000000dcdf8c48,0x00000000dce00000)
  to   space 4608K, 0% used [0x00000000dc500000,0x00000000dc500000,0x00000000dc980000)
 ParOldGen       total 142848K, used 79116K [0x000000008c000000, 0x0000000094b80000, 0x00000000d9580000)
  object space 142848K, 55% used [0x000000008c000000,0x0000000090d43198,0x0000000094b80000)
 Metaspace       used 17573K, capacity 17992K, committed 18304K, reserved 1064960K
  class space    used 2182K, capacity 2318K, committed 2432K, reserved 1048576K
}
Event: 12.220 GC heap before
{Heap before GC invocations=6 (full 1):
 PSYoungGen      total 51712K, used 16904K [0x00000000d9580000, 0x00000000dce00000, 0x0000000100000000)
  eden space 47104K, 26% used [0x00000000d9580000,0x00000000da1896d8,0x00000000dc380000)
  from space 4608K, 99% used [0x00000000dc980000,0x00000000dcdf8c48,0x00000000dce00000)
  to   space 4608K, 0% used [0x00000000dc500000,0x00000000dc500000,0x00000000dc980000)
 ParOldGen       total 142848K, used 79116K [0x000000008c000000, 0x0000000094b80000, 0x00000000d9580000)
  object space 142848K, 55% used [0x000000008c000000,0x0000000090d43198,0x0000000094b80000)
 Metaspace       used 20632K, capacity 21058K, committed 21248K, reserved 1067008K
  class space    used 2541K, capacity 2693K, committed 2816K, reserved 1048576K
Event: 12.237 GC heap after
Heap after GC invocations=6 (full 1):
 PSYoungGen      total 53248K, used 4592K [0x00000000d9580000, 0x00000000dea80000, 0x0000000100000000)
  eden space 48640K, 0% used [0x00000000d9580000,0x00000000d9580000,0x00000000dc500000)
  from space 4608K, 99% used [0x00000000dc500000,0x00000000dc97c2e0,0x00000000dc980000)
  to   space 8192K, 0% used [0x00000000de280000,0x00000000de280000,0x00000000dea80000)
 ParOldGen       total 142848K, used 82091K [0x000000008c000000, 0x0000000094b80000, 0x00000000d9580000)
  object space 142848K, 57% used [0x000000008c000000,0x000000009102acb8,0x0000000094b80000)
 Metaspace       used 20632K, capacity 21058K, committed 21248K, reserved 1067008K
  class space    used 2541K, capacity 2693K, committed 2816K, reserved 1048576K
}
Event: 12.237 GC heap before
{Heap before GC invocations=7 (full 2):
 PSYoungGen      total 53248K, used 4592K [0x00000000d9580000, 0x00000000dea80000, 0x0000000100000000)
  eden space 48640K, 0% used [0x00000000d9580000,0x00000000d9580000,0x00000000dc500000)
  from space 4608K, 99% used [0x00000000dc500000,0x00000000dc97c2e0,0x00000000dc980000)
  to   space 8192K, 0% used [0x00000000de280000,0x00000000de280000,0x00000000dea80000)
 ParOldGen       total 142848K, used 82091K [0x000000008c000000, 0x0000000094b80000, 0x00000000d9580000)
  object space 142848K, 57% used [0x000000008c000000,0x000000009102acb8,0x0000000094b80000)
 Metaspace       used 20632K, capacity 21058K, committed 21248K, reserved 1067008K
  class space    used 2541K, capacity 2693K, committed 2816K, reserved 1048576K
Event: 12.310 GC heap after
Heap after GC invocations=7 (full 2):
 PSYoungGen      total 53248K, used 0K [0x00000000d9580000, 0x00000000dea80000, 0x0000000100000000)
  eden space 48640K, 0% used [0x00000000d9580000,0x00000000d9580000,0x00000000dc500000)
  from space 4608K, 0% used [0x00000000dc500000,0x00000000dc500000,0x00000000dc980000)
  to   space 8192K, 0% used [0x00000000de280000,0x00000000de280000,0x00000000dea80000)
 ParOldGen       total 176640K, used 86348K [0x000000008c000000, 0x0000000096c80000, 0x00000000d9580000)
  object space 176640K, 48% used [0x000000008c000000,0x0000000091453288,0x0000000096c80000)
 Metaspace       used 20632K, capacity 21058K, committed 21248K, reserved 1067008K
  class space    used 2541K, capacity 2693K, committed 2816K, reserved 1048576K
}

