# JRE version: OpenJDK Runtime Environment (8.0_292-b10) (build 1.8.0_292-8u292-b10-0ubuntu1~20.04-b10)
# Java VM: OpenJDK 64-Bit Server VM (25.292-b10 mixed mode linux-amd64 compressed oops)
Heap:
 PSYoungGen      total 47104K, used 7101K [0x00000000d9580000, 0x00000000dd980000, 0x0000000100000000)
  eden space 42496K, 16% used [0x00000000d9580000,0x00000000d9c6f778,0x00000000dbf00000)
  from space 4608K, 0% used [0x00000000dbf00000,0x00000000dbf00000,0x00000000dc380000)
  to   space 8192K, 0% used [0x00000000dd180000,0x00000000dd180000,0x00000000dd980000)
 ParOldGen       total 188416K, used 86442K [0x000000008c000000, 0x0000000097800000, 0x00000000d9580000)
  object space 188416K, 45% used [0x000000008c000000,0x000000009146abd0,0x0000000097800000)
 Metaspace       used 20977K, capacity 21406K, committed 21760K, reserved 1069056K
  class space    used 2569K, capacity 2703K, committed 2816K, reserved 1048576K
GC Heap History (10 events):
Event: 1.627 GC heap before
{Heap before GC invocations=3 (full 1):
 PSYoungGen      total 34816K, used 30785K [0x00000000d9580000, 0x00000000dbc00000, 0x0000000100000000)
  eden space 30208K, 100% used [0x00000000d9580000,0x00000000db300000,0x00000000db300000)
  from space 4608K, 12% used [0x00000000db300000,0x00000000db3904a0,0x00000000db780000)
  to   space 4608K, 0% used [0x00000000db780000,0x00000000db780000,0x00000000dbc00000)
 ParOldGen       total 145920K, used 78989K [0x000000008c000000, 0x0000000094e80000, 0x00000000d9580000)
  object space 145920K, 54% used [0x000000008c000000,0x0000000090d234d0,0x0000000094e80000)
 Metaspace       used 9556K, capacity 9842K, committed 9984K, reserved 1058816K
  class space    used 1110K, capacity 1204K, committed 1280K, reserved 1048576K
Event: 1.629 GC heap after
Heap after GC invocations=3 (full 1):
 PSYoungGen      total 34816K, used 640K [0x00000000d9580000, 0x00000000dc580000, 0x0000000100000000)
  eden space 30208K, 0% used [0x00000000d9580000,0x00000000d9580000,0x00000000db300000)
  from space 4608K, 13% used [0x00000000db780000,0x00000000db820000,0x00000000dbc00000)
  to   space 4608K, 0% used [0x00000000db300000,0x00000000db300000,0x00000000db780000)
 ParOldGen       total 145920K, used 78989K [0x000000008c000000, 0x0000000094e80000, 0x00000000d9580000)
  object space 145920K, 54% used [0x000000008c000000,0x0000000090d234d0,0x0000000094e80000)
 Metaspace       used 9556K, capacity 9842K, committed 9984K, reserved 1058816K
  class space    used 1110K, capacity 1204K, committed 1280K, reserved 1048576K
}
Event: 1.712 GC heap before
{Heap before GC invocations=4 (full 1):
 PSYoungGen      total 34816K, used 30848K [0x00000000d9580000, 0x00000000dc580000, 0x0000000100000000)
  eden space 30208K, 100% used [0x00000000d9580000,0x00000000db300000,0x00000000db300000)
  from space 4608K, 13% used [0x00000000db780000,0x00000000db820000,0x00000000dbc00000)
  to   space 4608K, 0% used [0x00000000db300000,0x00000000db300000,0x00000000db780000)
 ParOldGen       total 145920K, used 78989K [0x000000008c000000, 0x0000000094e80000, 0x00000000d9580000)
  object space 145920K, 54% used [0x000000008c000000,0x0000000090d234d0,0x0000000094e80000)
 Metaspace       used 9560K, capacity 9842K, committed 9984K, reserved 1058816K
  class space    used 1110K, capacity 1204K, committed 1280K, reserved 1048576K
Event: 1.715 GC heap after
Heap after GC invocations=4 (full 1):
 PSYoungGen      total 34816K, used 640K [0x00000000d9580000, 0x00000000dc800000, 0x0000000100000000)
  eden space 30208K, 0% used [0x00000000d9580000,0x00000000d9580000,0x00000000db300000)
  from space 4608K, 13% used [0x00000000db300000,0x00000000db3a0000,0x00000000db780000)
  to   space 4608K, 0% used [0x00000000dc380000,0x00000000dc380000,0x00000000dc800000)
 ParOldGen       total 145920K, used 78989K [0x000000008c000000, 0x0000000094e80000, 0x00000000d9580000)
  object space 145920K, 54% used [0x000000008c000000,0x0000000090d234d0,0x0000000094e80000)
 Metaspace       used 9560K, capacity 9842K, committed 9984K, reserved 1058816K
  class space    used 1110K, capacity 1204K, committed 1280K, reserved 1048576K
}
Event: 13.473 GC heap before
{Heap before GC invocations=5 (full 1):
 PSYoungGen      total 34816K, used 30848K [0x00000000d9580000, 0x00000000dc800000, 0x0000000100000000)
  eden space 30208K, 100% used [0x00000000d9580000,0x00000000db300000,0x00000000db300000)
  from space 4608K, 13% used [0x00000000db300000,0x00000000db3a0000,0x00000000db780000)
  to   space 4608K, 0% used [0x00000000dc380000,0x00000000dc380000,0x00000000dc800000)
 ParOldGen       total 145920K, used 78989K [0x000000008c000000, 0x0000000094e80000, 0x00000000d9580000)
  object space 145920K, 54% used [0x000000008c000000,0x0000000090d234d0,0x0000000094e80000)
 Metaspace       used 17386K, capacity 17742K, committed 18048K, reserved 1064960K
  class space    used 2191K, capacity 2319K, committed 2432K, reserved 1048576K
Event: 13.484 GC heap after
Heap after GC invocations=5 (full 1):
 PSYoungGen      total 45568K, used 4393K [0x00000000d9580000, 0x00000000dc800000, 0x0000000100000000)
  eden space 40960K, 0% used [0x00000000d9580000,0x00000000d9580000,0x00000000dbd80000)
  from space 4608K, 95% used [0x00000000dc380000,0x00000000dc7ca690,0x00000000dc800000)
  to   space 4608K, 0% used [0x00000000dbf00000,0x00000000dbf00000,0x00000000dc380000)
 ParOldGen       total 145920K, used 78997K [0x000000008c000000, 0x0000000094e80000, 0x00000000d9580000)
  object space 145920K, 54% used [0x000000008c000000,0x0000000090d254d0,0x0000000094e80000)
 Metaspace       used 17386K, capacity 17742K, committed 18048K, reserved 1064960K
  class space    used 2191K, capacity 2319K, committed 2432K, reserved 1048576K
}
Event: 18.081 GC heap before
{Heap before GC invocations=6 (full 1):
 PSYoungGen      total 45568K, used 17351K [0x00000000d9580000, 0x00000000dc800000, 0x0000000100000000)
  eden space 40960K, 31% used [0x00000000d9580000,0x00000000da2277b0,0x00000000dbd80000)
  from space 4608K, 95% used [0x00000000dc380000,0x00000000dc7ca690,0x00000000dc800000)
  to   space 4608K, 0% used [0x00000000dbf00000,0x00000000dbf00000,0x00000000dc380000)
 ParOldGen       total 145920K, used 78997K [0x000000008c000000, 0x0000000094e80000, 0x00000000d9580000)
  object space 145920K, 54% used [0x000000008c000000,0x0000000090d254d0,0x0000000094e80000)
 Metaspace       used 20654K, capacity 21064K, committed 21248K, reserved 1067008K
  class space    used 2546K, capacity 2694K, committed 2816K, reserved 1048576K
Event: 18.097 GC heap after
Heap after GC invocations=6 (full 1):
 PSYoungGen      total 47104K, used 4594K [0x00000000d9580000, 0x00000000dd980000, 0x0000000100000000)
  eden space 42496K, 0% used [0x00000000d9580000,0x00000000d9580000,0x00000000dbf00000)
  from space 4608K, 99% used [0x00000000dbf00000,0x00000000dc37cb10,0x00000000dc380000)
  to   space 8192K, 0% used [0x00000000dd180000,0x00000000dd180000,0x00000000dd980000)
 ParOldGen       total 145920K, used 82055K [0x000000008c000000, 0x0000000094e80000, 0x00000000d9580000)
  object space 145920K, 56% used [0x000000008c000000,0x0000000091021d90,0x0000000094e80000)
 Metaspace       used 20654K, capacity 21064K, committed 21248K, reserved 1067008K
  class space    used 2546K, capacity 2694K, committed 2816K, reserved 1048576K
}
Event: 18.097 GC heap before
{Heap before GC invocations=7 (full 2):
 PSYoungGen      total 47104K, used 4594K [0x00000000d9580000, 0x00000000dd980000, 0x0000000100000000)
  eden space 42496K, 0% used [0x00000000d9580000,0x00000000d9580000,0x00000000dbf00000)
  from space 4608K, 99% used [0x00000000dbf00000,0x00000000dc37cb10,0x00000000dc380000)
  to   space 8192K, 0% used [0x00000000dd180000,0x00000000dd180000,0x00000000dd980000)
 ParOldGen       total 145920K, used 82055K [0x000000008c000000, 0x0000000094e80000, 0x00000000d9580000)
  object space 145920K, 56% used [0x000000008c000000,0x0000000091021d90,0x0000000094e80000)
 Metaspace       used 20654K, capacity 21064K, committed 21248K, reserved 1067008K
  class space    used 2546K, capacity 2694K, committed 2816K, reserved 1048576K
Event: 18.171 GC heap after
Heap after GC invocations=7 (full 2):
 PSYoungGen      total 47104K, used 0K [0x00000000d9580000, 0x00000000dd980000, 0x0000000100000000)
  eden space 42496K, 0% used [0x00000000d9580000,0x00000000d9580000,0x00000000dbf00000)
  from space 4608K, 0% used [0x00000000dbf00000,0x00000000dbf00000,0x00000000dc380000)
  to   space 8192K, 0% used [0x00000000dd180000,0x00000000dd180000,0x00000000dd980000)
 ParOldGen       total 188416K, used 86442K [0x000000008c000000, 0x0000000097800000, 0x00000000d9580000)
  object space 188416K, 45% used [0x000000008c000000,0x000000009146abd0,0x0000000097800000)
 Metaspace       used 20654K, capacity 21064K, committed 21248K, reserved 1067008K
  class space    used 2546K, capacity 2694K, committed 2816K, reserved 1048576K
}

