# JRE version: OpenJDK Runtime Environment (8.0_292-b10) (build 1.8.0_292-8u292-b10-0ubuntu1~20.04-b10)
# Java VM: OpenJDK 64-Bit Server VM (25.292-b10 mixed mode linux-amd64 compressed oops)
Heap:
 PSYoungGen      total 52736K, used 19497K [0x00000000d9580000, 0x00000000de800000, 0x0000000100000000)
  eden space 48128K, 40% used [0x00000000d9580000,0x00000000da88a448,0x00000000dc480000)
  from space 4608K, 0% used [0x00000000dc480000,0x00000000dc480000,0x00000000dc900000)
  to   space 7680K, 0% used [0x00000000de080000,0x00000000de080000,0x00000000de800000)
 ParOldGen       total 178176K, used 85854K [0x000000008c000000, 0x0000000096e00000, 0x00000000d9580000)
  object space 178176K, 48% used [0x000000008c000000,0x00000000913d7b98,0x0000000096e00000)
 Metaspace       used 21511K, capacity 22014K, committed 22192K, reserved 1069056K
  class space    used 2572K, capacity 2735K, committed 2816K, reserved 1048576K
GC Heap History (10 events):
Event: 2.144 GC heap before
{Heap before GC invocations=3 (full 1):
 PSYoungGen      total 34816K, used 30795K [0x00000000d9580000, 0x00000000dbc00000, 0x0000000100000000)
  eden space 30208K, 100% used [0x00000000d9580000,0x00000000db300000,0x00000000db300000)
  from space 4608K, 12% used [0x00000000db300000,0x00000000db392de0,0x00000000db780000)
  to   space 4608K, 0% used [0x00000000db780000,0x00000000db780000,0x00000000dbc00000)
 ParOldGen       total 144384K, used 78979K [0x000000008c000000, 0x0000000094d00000, 0x00000000d9580000)
  object space 144384K, 54% used [0x000000008c000000,0x0000000090d20c08,0x0000000094d00000)
 Metaspace       used 9552K, capacity 9842K, committed 9984K, reserved 1058816K
  class space    used 1110K, capacity 1204K, committed 1280K, reserved 1048576K
Event: 2.147 GC heap after
Heap after GC invocations=3 (full 1):
 PSYoungGen      total 34816K, used 640K [0x00000000d9580000, 0x00000000dcc00000, 0x0000000100000000)
  eden space 30208K, 0% used [0x00000000d9580000,0x00000000d9580000,0x00000000db300000)
  from space 4608K, 13% used [0x00000000db780000,0x00000000db820000,0x00000000dbc00000)
  to   space 4608K, 0% used [0x00000000db300000,0x00000000db300000,0x00000000db780000)
 ParOldGen       total 144384K, used 78979K [0x000000008c000000, 0x0000000094d00000, 0x00000000d9580000)
  object space 144384K, 54% used [0x000000008c000000,0x0000000090d20c08,0x0000000094d00000)
 Metaspace       used 9552K, capacity 9842K, committed 9984K, reserved 1058816K
  class space    used 1110K, capacity 1204K, committed 1280K, reserved 1048576K
}
Event: 2.227 GC heap before
{Heap before GC invocations=4 (full 1):
 PSYoungGen      total 34816K, used 30848K [0x00000000d9580000, 0x00000000dcc00000, 0x0000000100000000)
  eden space 30208K, 100% used [0x00000000d9580000,0x00000000db300000,0x00000000db300000)
  from space 4608K, 13% used [0x00000000db780000,0x00000000db820000,0x00000000dbc00000)
  to   space 4608K, 0% used [0x00000000db300000,0x00000000db300000,0x00000000db780000)
 ParOldGen       total 144384K, used 78979K [0x000000008c000000, 0x0000000094d00000, 0x00000000d9580000)
  object space 144384K, 54% used [0x000000008c000000,0x0000000090d20c08,0x0000000094d00000)
 Metaspace       used 9556K, capacity 9842K, committed 9984K, reserved 1058816K
  class space    used 1110K, capacity 1204K, committed 1280K, reserved 1048576K
Event: 2.229 GC heap after
Heap after GC invocations=4 (full 1):
 PSYoungGen      total 34816K, used 640K [0x00000000d9580000, 0x00000000dcd80000, 0x0000000100000000)
  eden space 30208K, 0% used [0x00000000d9580000,0x00000000d9580000,0x00000000db300000)
  from space 4608K, 13% used [0x00000000db300000,0x00000000db3a0000,0x00000000db780000)
  to   space 4608K, 0% used [0x00000000dc900000,0x00000000dc900000,0x00000000dcd80000)
 ParOldGen       total 144384K, used 78979K [0x000000008c000000, 0x0000000094d00000, 0x00000000d9580000)
  object space 144384K, 54% used [0x000000008c000000,0x0000000090d20c08,0x0000000094d00000)
 Metaspace       used 9556K, capacity 9842K, committed 9984K, reserved 1058816K
  class space    used 1110K, capacity 1204K, committed 1280K, reserved 1048576K
}
Event: 5.983 GC heap before
{Heap before GC invocations=5 (full 1):
 PSYoungGen      total 34816K, used 30848K [0x00000000d9580000, 0x00000000dcd80000, 0x0000000100000000)
  eden space 30208K, 100% used [0x00000000d9580000,0x00000000db300000,0x00000000db300000)
  from space 4608K, 13% used [0x00000000db300000,0x00000000db3a0000,0x00000000db780000)
  to   space 4608K, 0% used [0x00000000dc900000,0x00000000dc900000,0x00000000dcd80000)
 ParOldGen       total 144384K, used 78979K [0x000000008c000000, 0x0000000094d00000, 0x00000000d9580000)
  object space 144384K, 54% used [0x000000008c000000,0x0000000090d20c08,0x0000000094d00000)
 Metaspace       used 17659K, capacity 18052K, committed 18304K, reserved 1064960K
  class space    used 2189K, capacity 2318K, committed 2432K, reserved 1048576K
Event: 5.996 GC heap after
Heap after GC invocations=5 (full 1):
 PSYoungGen      total 51200K, used 4607K [0x00000000d9580000, 0x00000000dcd80000, 0x0000000100000000)
  eden space 46592K, 0% used [0x00000000d9580000,0x00000000d9580000,0x00000000dc300000)
  from space 4608K, 99% used [0x00000000dc900000,0x00000000dcd7ff08,0x00000000dcd80000)
  to   space 4608K, 0% used [0x00000000dc480000,0x00000000dc480000,0x00000000dc900000)
 ParOldGen       total 144384K, used 79066K [0x000000008c000000, 0x0000000094d00000, 0x00000000d9580000)
  object space 144384K, 54% used [0x000000008c000000,0x0000000090d36868,0x0000000094d00000)
 Metaspace       used 17659K, capacity 18052K, committed 18304K, reserved 1064960K
  class space    used 2189K, capacity 2318K, committed 2432K, reserved 1048576K
}
Event: 14.699 GC heap before
{Heap before GC invocations=6 (full 1):
 PSYoungGen      total 51200K, used 17568K [0x00000000d9580000, 0x00000000dcd80000, 0x0000000100000000)
  eden space 46592K, 27% used [0x00000000d9580000,0x00000000da228280,0x00000000dc300000)
  from space 4608K, 99% used [0x00000000dc900000,0x00000000dcd7ff08,0x00000000dcd80000)
  to   space 4608K, 0% used [0x00000000dc480000,0x00000000dc480000,0x00000000dc900000)
 ParOldGen       total 144384K, used 79066K [0x000000008c000000, 0x0000000094d00000, 0x00000000d9580000)
  object space 144384K, 54% used [0x000000008c000000,0x0000000090d36868,0x0000000094d00000)
 Metaspace       used 20674K, capacity 21084K, committed 21296K, reserved 1069056K
  class space    used 2530K, capacity 2660K, committed 2688K, reserved 1048576K
Event: 14.715 GC heap after
Heap after GC invocations=6 (full 1):
 PSYoungGen      total 52736K, used 4578K [0x00000000d9580000, 0x00000000de800000, 0x0000000100000000)
  eden space 48128K, 0% used [0x00000000d9580000,0x00000000d9580000,0x00000000dc480000)
  from space 4608K, 99% used [0x00000000dc480000,0x00000000dc8f8a00,0x00000000dc900000)
  to   space 7680K, 0% used [0x00000000de080000,0x00000000de080000,0x00000000de800000)
 ParOldGen       total 144384K, used 81526K [0x000000008c000000, 0x0000000094d00000, 0x00000000d9580000)
  object space 144384K, 56% used [0x000000008c000000,0x0000000090f9da40,0x0000000094d00000)
 Metaspace       used 20674K, capacity 21084K, committed 21296K, reserved 1069056K
  class space    used 2530K, capacity 2660K, committed 2688K, reserved 1048576K
}
Event: 14.715 GC heap before
{Heap before GC invocations=7 (full 2):
 PSYoungGen      total 52736K, used 4578K [0x00000000d9580000, 0x00000000de800000, 0x0000000100000000)
  eden space 48128K, 0% used [0x00000000d9580000,0x00000000d9580000,0x00000000dc480000)
  from space 4608K, 99% used [0x00000000dc480000,0x00000000dc8f8a00,0x00000000dc900000)
  to   space 7680K, 0% used [0x00000000de080000,0x00000000de080000,0x00000000de800000)
 ParOldGen       total 144384K, used 81526K [0x000000008c000000, 0x0000000094d00000, 0x00000000d9580000)
  object space 144384K, 56% used [0x000000008c000000,0x0000000090f9da40,0x0000000094d00000)
 Metaspace       used 20674K, capacity 21084K, committed 21296K, reserved 1069056K
  class space    used 2530K, capacity 2660K, committed 2688K, reserved 1048576K
Event: 14.787 GC heap after
Heap after GC invocations=7 (full 2):
 PSYoungGen      total 52736K, used 0K [0x00000000d9580000, 0x00000000de800000, 0x0000000100000000)
  eden space 48128K, 0% used [0x00000000d9580000,0x00000000d9580000,0x00000000dc480000)
  from space 4608K, 0% used [0x00000000dc480000,0x00000000dc480000,0x00000000dc900000)
  to   space 7680K, 0% used [0x00000000de080000,0x00000000de080000,0x00000000de800000)
 ParOldGen       total 178176K, used 85854K [0x000000008c000000, 0x0000000096e00000, 0x00000000d9580000)
  object space 178176K, 48% used [0x000000008c000000,0x00000000913d7b98,0x0000000096e00000)
 Metaspace       used 20674K, capacity 21084K, committed 21296K, reserved 1069056K
  class space    used 2530K, capacity 2660K, committed 2688K, reserved 1048576K
}

