# JRE version: OpenJDK Runtime Environment (8.0_292-b10) (build 1.8.0_292-8u292-b10-0ubuntu1~20.04-b10)
# Java VM: OpenJDK 64-Bit Server VM (25.292-b10 mixed mode linux-amd64 compressed oops)
Heap:
 PSYoungGen      total 52224K, used 25040K [0x00000000d9580000, 0x00000000de700000, 0x0000000100000000)
  eden space 47616K, 52% used [0x00000000d9580000,0x00000000dadf4310,0x00000000dc400000)
  from space 4608K, 0% used [0x00000000dc400000,0x00000000dc400000,0x00000000dc880000)
  to   space 7680K, 0% used [0x00000000ddf80000,0x00000000ddf80000,0x00000000de700000)
 ParOldGen       total 175104K, used 85577K [0x000000008c000000, 0x0000000096b00000, 0x00000000d9580000)
  object space 175104K, 48% used [0x000000008c000000,0x0000000091392770,0x0000000096b00000)
 Metaspace       used 22642K, capacity 23100K, committed 23424K, reserved 1069056K
  class space    used 2762K, capacity 2900K, committed 2944K, reserved 1048576K
GC Heap History (10 events):
Event: 2.220 GC heap before
{Heap before GC invocations=3 (full 1):
 PSYoungGen      total 34816K, used 30795K [0x00000000d9580000, 0x00000000dbc00000, 0x0000000100000000)
  eden space 30208K, 100% used [0x00000000d9580000,0x00000000db300000,0x00000000db300000)
  from space 4608K, 12% used [0x00000000db300000,0x00000000db392ec8,0x00000000db780000)
  to   space 4608K, 0% used [0x00000000db780000,0x00000000db780000,0x00000000dbc00000)
 ParOldGen       total 141824K, used 78978K [0x000000008c000000, 0x0000000094a80000, 0x00000000d9580000)
  object space 141824K, 55% used [0x000000008c000000,0x0000000090d20b70,0x0000000094a80000)
 Metaspace       used 9551K, capacity 9842K, committed 9984K, reserved 1058816K
  class space    used 1110K, capacity 1204K, committed 1280K, reserved 1048576K
Event: 2.225 GC heap after
Heap after GC invocations=3 (full 1):
 PSYoungGen      total 34816K, used 640K [0x00000000d9580000, 0x00000000dcc80000, 0x0000000100000000)
  eden space 30208K, 0% used [0x00000000d9580000,0x00000000d9580000,0x00000000db300000)
  from space 4608K, 13% used [0x00000000db780000,0x00000000db820000,0x00000000dbc00000)
  to   space 4608K, 0% used [0x00000000db300000,0x00000000db300000,0x00000000db780000)
 ParOldGen       total 141824K, used 78978K [0x000000008c000000, 0x0000000094a80000, 0x00000000d9580000)
  object space 141824K, 55% used [0x000000008c000000,0x0000000090d20b70,0x0000000094a80000)
 Metaspace       used 9551K, capacity 9842K, committed 9984K, reserved 1058816K
  class space    used 1110K, capacity 1204K, committed 1280K, reserved 1048576K
}
Event: 2.318 GC heap before
{Heap before GC invocations=4 (full 1):
 PSYoungGen      total 34816K, used 30848K [0x00000000d9580000, 0x00000000dcc80000, 0x0000000100000000)
  eden space 30208K, 100% used [0x00000000d9580000,0x00000000db300000,0x00000000db300000)
  from space 4608K, 13% used [0x00000000db780000,0x00000000db820000,0x00000000dbc00000)
  to   space 4608K, 0% used [0x00000000db300000,0x00000000db300000,0x00000000db780000)
 ParOldGen       total 141824K, used 78978K [0x000000008c000000, 0x0000000094a80000, 0x00000000d9580000)
  object space 141824K, 55% used [0x000000008c000000,0x0000000090d20b70,0x0000000094a80000)
 Metaspace       used 9555K, capacity 9842K, committed 9984K, reserved 1058816K
  class space    used 1110K, capacity 1204K, committed 1280K, reserved 1048576K
Event: 2.320 GC heap after
Heap after GC invocations=4 (full 1):
 PSYoungGen      total 34816K, used 640K [0x00000000d9580000, 0x00000000dcd00000, 0x0000000100000000)
  eden space 30208K, 0% used [0x00000000d9580000,0x00000000d9580000,0x00000000db300000)
  from space 4608K, 13% used [0x00000000db300000,0x00000000db3a0000,0x00000000db780000)
  to   space 4608K, 0% used [0x00000000dc880000,0x00000000dc880000,0x00000000dcd00000)
 ParOldGen       total 141824K, used 78978K [0x000000008c000000, 0x0000000094a80000, 0x00000000d9580000)
  object space 141824K, 55% used [0x000000008c000000,0x0000000090d20b70,0x0000000094a80000)
 Metaspace       used 9555K, capacity 9842K, committed 9984K, reserved 1058816K
  class space    used 1110K, capacity 1204K, committed 1280K, reserved 1048576K
}
Event: 8.064 GC heap before
{Heap before GC invocations=5 (full 1):
 PSYoungGen      total 34816K, used 30848K [0x00000000d9580000, 0x00000000dcd00000, 0x0000000100000000)
  eden space 30208K, 100% used [0x00000000d9580000,0x00000000db300000,0x00000000db300000)
  from space 4608K, 13% used [0x00000000db300000,0x00000000db3a0000,0x00000000db780000)
  to   space 4608K, 0% used [0x00000000dc880000,0x00000000dc880000,0x00000000dcd00000)
 ParOldGen       total 141824K, used 78978K [0x000000008c000000, 0x0000000094a80000, 0x00000000d9580000)
  object space 141824K, 55% used [0x000000008c000000,0x0000000090d20b70,0x0000000094a80000)
 Metaspace       used 17811K, capacity 18234K, committed 18304K, reserved 1064960K
  class space    used 2301K, capacity 2417K, committed 2432K, reserved 1048576K
Event: 8.075 GC heap after
Heap after GC invocations=5 (full 1):
 PSYoungGen      total 50688K, used 4357K [0x00000000d9580000, 0x00000000dcd00000, 0x0000000100000000)
  eden space 46080K, 0% used [0x00000000d9580000,0x00000000d9580000,0x00000000dc280000)
  from space 4608K, 94% used [0x00000000dc880000,0x00000000dccc16f0,0x00000000dcd00000)
  to   space 4608K, 0% used [0x00000000dc400000,0x00000000dc400000,0x00000000dc880000)
 ParOldGen       total 141824K, used 78986K [0x000000008c000000, 0x0000000094a80000, 0x00000000d9580000)
  object space 141824K, 55% used [0x000000008c000000,0x0000000090d22b70,0x0000000094a80000)
 Metaspace       used 17811K, capacity 18234K, committed 18304K, reserved 1064960K
  class space    used 2301K, capacity 2417K, committed 2432K, reserved 1048576K
}
Event: 10.157 GC heap before
{Heap before GC invocations=6 (full 1):
 PSYoungGen      total 50688K, used 16597K [0x00000000d9580000, 0x00000000dcd00000, 0x0000000100000000)
  eden space 46080K, 26% used [0x00000000d9580000,0x00000000da173fa8,0x00000000dc280000)
  from space 4608K, 94% used [0x00000000dc880000,0x00000000dccc16f0,0x00000000dcd00000)
  to   space 4608K, 0% used [0x00000000dc400000,0x00000000dc400000,0x00000000dc880000)
 ParOldGen       total 141824K, used 78986K [0x000000008c000000, 0x0000000094a80000, 0x00000000d9580000)
  object space 141824K, 55% used [0x000000008c000000,0x0000000090d22b70,0x0000000094a80000)
 Metaspace       used 20737K, capacity 21136K, committed 21248K, reserved 1067008K
  class space    used 2651K, capacity 2782K, committed 2816K, reserved 1048576K
Event: 10.172 GC heap after
Heap after GC invocations=6 (full 1):
 PSYoungGen      total 52224K, used 4596K [0x00000000d9580000, 0x00000000de700000, 0x0000000100000000)
  eden space 47616K, 0% used [0x00000000d9580000,0x00000000d9580000,0x00000000dc400000)
  from space 4608K, 99% used [0x00000000dc400000,0x00000000dc87d090,0x00000000dc880000)
  to   space 7680K, 0% used [0x00000000ddf80000,0x00000000ddf80000,0x00000000de700000)
 ParOldGen       total 141824K, used 81153K [0x000000008c000000, 0x0000000094a80000, 0x00000000d9580000)
  object space 141824K, 57% used [0x000000008c000000,0x0000000090f40400,0x0000000094a80000)
 Metaspace       used 20737K, capacity 21136K, committed 21248K, reserved 1067008K
  class space    used 2651K, capacity 2782K, committed 2816K, reserved 1048576K
}
Event: 10.172 GC heap before
{Heap before GC invocations=7 (full 2):
 PSYoungGen      total 52224K, used 4596K [0x00000000d9580000, 0x00000000de700000, 0x0000000100000000)
  eden space 47616K, 0% used [0x00000000d9580000,0x00000000d9580000,0x00000000dc400000)
  from space 4608K, 99% used [0x00000000dc400000,0x00000000dc87d090,0x00000000dc880000)
  to   space 7680K, 0% used [0x00000000ddf80000,0x00000000ddf80000,0x00000000de700000)
 ParOldGen       total 141824K, used 81153K [0x000000008c000000, 0x0000000094a80000, 0x00000000d9580000)
  object space 141824K, 57% used [0x000000008c000000,0x0000000090f40400,0x0000000094a80000)
 Metaspace       used 20737K, capacity 21136K, committed 21248K, reserved 1067008K
  class space    used 2651K, capacity 2782K, committed 2816K, reserved 1048576K
Event: 10.243 GC heap after
Heap after GC invocations=7 (full 2):
 PSYoungGen      total 52224K, used 0K [0x00000000d9580000, 0x00000000de700000, 0x0000000100000000)
  eden space 47616K, 0% used [0x00000000d9580000,0x00000000d9580000,0x00000000dc400000)
  from space 4608K, 0% used [0x00000000dc400000,0x00000000dc400000,0x00000000dc880000)
  to   space 7680K, 0% used [0x00000000ddf80000,0x00000000ddf80000,0x00000000de700000)
 ParOldGen       total 175104K, used 85577K [0x000000008c000000, 0x0000000096b00000, 0x00000000d9580000)
  object space 175104K, 48% used [0x000000008c000000,0x0000000091392770,0x0000000096b00000)
 Metaspace       used 20737K, capacity 21136K, committed 21248K, reserved 1067008K
  class space    used 2651K, capacity 2782K, committed 2816K, reserved 1048576K
}

